DigitalTripBook (outdated)/build/Android_Qt_6_9_1_Clang_arm64_v8a-Debug/android-build-appDigitalTripBook/build/outputs/logs/manifest-merger-debug-report.txt
-- Merging decision tree log ---
provider#androidx.core.content.FileProvider
INJECTED from Android_Qt_6_9_1_Clang_arm64_v8a-Debug/android-build-appDigitalTripBook/AndroidManifest.xml:42:9-50:20
	android:grantUriPermissions
		ADDED from Android_Qt_6_9_1_Clang_arm64_v8a-Debug/android-build-appDigitalTripBook/AndroidManifest.xml:46:13-47
	android:authorities
		INJECTED from Android_Qt_6_9_1_Clang_arm64_v8a-Debug/android-build-appDigitalTripBook/AndroidManifest.xml
		ADDED from Android_Qt_6_9_1_Clang_arm64_v8a-Debug/android-build-appDigitalTripBook/AndroidManifest.xml:44:13-62
	android:exported
		ADDED from Android_Qt_6_9_1_Clang_arm64_v8a-Debug/android-build-appDigitalTripBook/AndroidManifest.xml:45:13-37
	android:name
		ADDED from Android_Qt_6_9_1_Clang_arm64_v8a-Debug/android-build-appDigitalTripBook/AndroidManifest.xml:43:13-62
manifest
ADDED from Android_Qt_6_9_1_Clang_arm64_v8a-Debug/android-build-appDigitalTripBook/AndroidManifest.xml:2:1-52:12
INJECTED from Android_Qt_6_9_1_Clang_arm64_v8a-Debug/android-build-appDigitalTripBook/AndroidManifest.xml:2:1-52:12
INJECTED from Android_Qt_6_9_1_Clang_arm64_v8a-Debug/android-build-appDigitalTripBook/AndroidManifest.xml:2:1-52:12
INJECTED from Android_Qt_6_9_1_Clang_arm64_v8a-Debug/android-build-appDigitalTripBook/AndroidManifest.xml:2:1-52:12
MERGED from [androidx.core:core:1.13.1] AndroidManifest.xml:17:1-30:12
MERGED from [androidx.versionedparcelable:versionedparcelable:1.1.1] AndroidManifest.xml:17:1-27:12
MERGED from [androidx.interpolator:interpolator:1.0.0] AndroidManifest.xml:17:1-22:12
MERGED from [androidx.lifecycle:lifecycle-runtime:2.6.2] AndroidManifest.xml:2:1-7:12
MERGED from [androidx.arch.core:core-runtime:2.2.0] AndroidManifest.xml:17:1-22:12
MERGED from [androidx.profileinstaller:profileinstaller:1.3.0] AndroidManifest.xml:17:1-55:12
MERGED from [androidx.startup:startup-runtime:1.1.1] AndroidManifest.xml:17:1-33:12
MERGED from [androidx.tracing:tracing:1.0.0] AndroidManifest.xml:17:1-24:12
MERGED from [androidx.annotation:annotation-experimental:1.4.0] AndroidManifest.xml:2:1-7:12
	package
		ADDED from Android_Qt_6_9_1_Clang_arm64_v8a-Debug/android-build-appDigitalTripBook/AndroidManifest.xml:3:5-55
		INJECTED from Android_Qt_6_9_1_Clang_arm64_v8a-Debug/android-build-appDigitalTripBook/AndroidManifest.xml
	android:versionName
		ADDED from Android_Qt_6_9_1_Clang_arm64_v8a-Debug/android-build-appDigitalTripBook/AndroidManifest.xml:6:5-30
		INJECTED from Android_Qt_6_9_1_Clang_arm64_v8a-Debug/android-build-appDigitalTripBook/AndroidManifest.xml
	xmlns:android
		ADDED from Android_Qt_6_9_1_Clang_arm64_v8a-Debug/android-build-appDigitalTripBook/AndroidManifest.xml:2:11-69
	android:versionCode
		ADDED from Android_Qt_6_9_1_Clang_arm64_v8a-Debug/android-build-appDigitalTripBook/AndroidManifest.xml:5:5-28
		INJECTED from Android_Qt_6_9_1_Clang_arm64_v8a-Debug/android-build-appDigitalTripBook/AndroidManifest.xml
	android:installLocation
		ADDED from Android_Qt_6_9_1_Clang_arm64_v8a-Debug/android-build-appDigitalTripBook/AndroidManifest.xml:4:5-35
uses-permission#android.permission.ACCESS_NETWORK_STATE
ADDED from Android_Qt_6_9_1_Clang_arm64_v8a-Debug/android-build-appDigitalTripBook/AndroidManifest.xml:7:5-80
	android:name
		ADDED from Android_Qt_6_9_1_Clang_arm64_v8a-Debug/android-build-appDigitalTripBook/AndroidManifest.xml:7:22-76
uses-permission#android.permission.INTERNET
ADDED from Android_Qt_6_9_1_Clang_arm64_v8a-Debug/android-build-appDigitalTripBook/AndroidManifest.xml:8:5-68
	android:name
		ADDED from Android_Qt_6_9_1_Clang_arm64_v8a-Debug/android-build-appDigitalTripBook/AndroidManifest.xml:8:22-64
uses-permission#android.permission.WRITE_EXTERNAL_STORAGE
ADDED from Android_Qt_6_9_1_Clang_arm64_v8a-Debug/android-build-appDigitalTripBook/AndroidManifest.xml:9:5-82
	android:name
		ADDED from Android_Qt_6_9_1_Clang_arm64_v8a-Debug/android-build-appDigitalTripBook/AndroidManifest.xml:9:22-78
supports-screens
ADDED from Android_Qt_6_9_1_Clang_arm64_v8a-Debug/android-build-appDigitalTripBook/AndroidManifest.xml:10:5-14:39
	android:largeScreens
		ADDED from Android_Qt_6_9_1_Clang_arm64_v8a-Debug/android-build-appDigitalTripBook/AndroidManifest.xml:12:9-36
	android:smallScreens
		ADDED from Android_Qt_6_9_1_Clang_arm64_v8a-Debug/android-build-appDigitalTripBook/AndroidManifest.xml:14:9-36
	android:normalScreens
		ADDED from Android_Qt_6_9_1_Clang_arm64_v8a-Debug/android-build-appDigitalTripBook/AndroidManifest.xml:13:9-37
	android:anyDensity
		ADDED from Android_Qt_6_9_1_Clang_arm64_v8a-Debug/android-build-appDigitalTripBook/AndroidManifest.xml:11:9-34
application
ADDED from Android_Qt_6_9_1_Clang_arm64_v8a-Debug/android-build-appDigitalTripBook/AndroidManifest.xml:15:5-51:19
INJECTED from Android_Qt_6_9_1_Clang_arm64_v8a-Debug/android-build-appDigitalTripBook/AndroidManifest.xml:15:5-51:19
MERGED from [androidx.core:core:1.13.1] AndroidManifest.xml:28:5-89
MERGED from [androidx.core:core:1.13.1] AndroidManifest.xml:28:5-89
MERGED from [androidx.versionedparcelable:versionedparcelable:1.1.1] AndroidManifest.xml:24:5-25:19
MERGED from [androidx.versionedparcelable:versionedparcelable:1.1.1] AndroidManifest.xml:24:5-25:19
MERGED from [androidx.profileinstaller:profileinstaller:1.3.0] AndroidManifest.xml:23:5-53:19
MERGED from [androidx.profileinstaller:profileinstaller:1.3.0] AndroidManifest.xml:23:5-53:19
MERGED from [androidx.startup:startup-runtime:1.1.1] AndroidManifest.xml:25:5-31:19
MERGED from [androidx.startup:startup-runtime:1.1.1] AndroidManifest.xml:25:5-31:19
	android:extractNativeLibs
		INJECTED from Android_Qt_6_9_1_Clang_arm64_v8a-Debug/android-build-appDigitalTripBook/AndroidManifest.xml
	android:requestLegacyExternalStorage
		ADDED from Android_Qt_6_9_1_Clang_arm64_v8a-Debug/android-build-appDigitalTripBook/AndroidManifest.xml:19:9-52
	android:appComponentFactory
		ADDED from [androidx.core:core:1.13.1] AndroidManifest.xml:28:18-86
	android:label
		ADDED from Android_Qt_6_9_1_Clang_arm64_v8a-Debug/android-build-appDigitalTripBook/AndroidManifest.xml:18:9-43
	android:hardwareAccelerated
		ADDED from Android_Qt_6_9_1_Clang_arm64_v8a-Debug/android-build-appDigitalTripBook/AndroidManifest.xml:17:9-43
	android:allowBackup
		ADDED from Android_Qt_6_9_1_Clang_arm64_v8a-Debug/android-build-appDigitalTripBook/AndroidManifest.xml:20:9-35
	android:fullBackupOnly
		ADDED from Android_Qt_6_9_1_Clang_arm64_v8a-Debug/android-build-appDigitalTripBook/AndroidManifest.xml:21:9-39
	android:name
		ADDED from Android_Qt_6_9_1_Clang_arm64_v8a-Debug/android-build-appDigitalTripBook/AndroidManifest.xml:16:9-71
activity#org.qtproject.qt.android.bindings.QtActivity
ADDED from Android_Qt_6_9_1_Clang_arm64_v8a-Debug/android-build-appDigitalTripBook/AndroidManifest.xml:22:9-40:20
	android:screenOrientation
		ADDED from Android_Qt_6_9_1_Clang_arm64_v8a-Debug/android-build-appDigitalTripBook/AndroidManifest.xml:26:13-52
	android:launchMode
		ADDED from Android_Qt_6_9_1_Clang_arm64_v8a-Debug/android-build-appDigitalTripBook/AndroidManifest.xml:25:13-43
	android:exported
		ADDED from Android_Qt_6_9_1_Clang_arm64_v8a-Debug/android-build-appDigitalTripBook/AndroidManifest.xml:27:13-36
	android:configChanges
		ADDED from Android_Qt_6_9_1_Clang_arm64_v8a-Debug/android-build-appDigitalTripBook/AndroidManifest.xml:24:13-182
	android:name
		ADDED from Android_Qt_6_9_1_Clang_arm64_v8a-Debug/android-build-appDigitalTripBook/AndroidManifest.xml:23:13-72
intent-filter#action:name:android.intent.action.MAIN+category:name:android.intent.category.LAUNCHER
ADDED from Android_Qt_6_9_1_Clang_arm64_v8a-Debug/android-build-appDigitalTripBook/AndroidManifest.xml:28:13-31:29
action#android.intent.action.MAIN
ADDED from Android_Qt_6_9_1_Clang_arm64_v8a-Debug/android-build-appDigitalTripBook/AndroidManifest.xml:29:17-69
	android:name
		ADDED from Android_Qt_6_9_1_Clang_arm64_v8a-Debug/android-build-appDigitalTripBook/AndroidManifest.xml:29:25-66
category#android.intent.category.LAUNCHER
ADDED from Android_Qt_6_9_1_Clang_arm64_v8a-Debug/android-build-appDigitalTripBook/AndroidManifest.xml:30:17-77
	android:name
		ADDED from Android_Qt_6_9_1_Clang_arm64_v8a-Debug/android-build-appDigitalTripBook/AndroidManifest.xml:30:27-74
meta-data#android.app.lib_name
ADDED from Android_Qt_6_9_1_Clang_arm64_v8a-Debug/android-build-appDigitalTripBook/AndroidManifest.xml:33:11-35:54
	android:value
		ADDED from Android_Qt_6_9_1_Clang_arm64_v8a-Debug/android-build-appDigitalTripBook/AndroidManifest.xml:35:17-51
	android:name
		ADDED from Android_Qt_6_9_1_Clang_arm64_v8a-Debug/android-build-appDigitalTripBook/AndroidManifest.xml:34:17-52
meta-data#android.app.arguments
ADDED from Android_Qt_6_9_1_Clang_arm64_v8a-Debug/android-build-appDigitalTripBook/AndroidManifest.xml:37:11-39:36
	android:value
		ADDED from Android_Qt_6_9_1_Clang_arm64_v8a-Debug/android-build-appDigitalTripBook/AndroidManifest.xml:39:17-33
	android:name
		ADDED from Android_Qt_6_9_1_Clang_arm64_v8a-Debug/android-build-appDigitalTripBook/AndroidManifest.xml:38:17-53
meta-data#android.support.FILE_PROVIDER_PATHS
ADDED from Android_Qt_6_9_1_Clang_arm64_v8a-Debug/android-build-appDigitalTripBook/AndroidManifest.xml:47:13-49:59
	android:resource
		ADDED from Android_Qt_6_9_1_Clang_arm64_v8a-Debug/android-build-appDigitalTripBook/AndroidManifest.xml:49:17-57
	android:name
		ADDED from Android_Qt_6_9_1_Clang_arm64_v8a-Debug/android-build-appDigitalTripBook/AndroidManifest.xml:48:17-67
uses-sdk
INJECTED from Android_Qt_6_9_1_Clang_arm64_v8a-Debug/android-build-appDigitalTripBook/AndroidManifest.xml reason: use-sdk injection requested
INJECTED from Android_Qt_6_9_1_Clang_arm64_v8a-Debug/android-build-appDigitalTripBook/AndroidManifest.xml
INJECTED from Android_Qt_6_9_1_Clang_arm64_v8a-Debug/android-build-appDigitalTripBook/AndroidManifest.xml
MERGED from [androidx.core:core:1.13.1] AndroidManifest.xml:20:5-44
MERGED from [androidx.core:core:1.13.1] AndroidManifest.xml:20:5-44
MERGED from [androidx.versionedparcelable:versionedparcelable:1.1.1] AndroidManifest.xml:20:5-22:41
MERGED from [androidx.versionedparcelable:versionedparcelable:1.1.1] AndroidManifest.xml:20:5-22:41
MERGED from [androidx.interpolator:interpolator:1.0.0] AndroidManifest.xml:20:5-44
MERGED from [androidx.interpolator:interpolator:1.0.0] AndroidManifest.xml:20:5-44
MERGED from [androidx.lifecycle:lifecycle-runtime:2.6.2] AndroidManifest.xml:5:5-44
MERGED from [androidx.lifecycle:lifecycle-runtime:2.6.2] AndroidManifest.xml:5:5-44
MERGED from [androidx.arch.core:core-runtime:2.2.0] AndroidManifest.xml:20:5-44
MERGED from [androidx.arch.core:core-runtime:2.2.0] AndroidManifest.xml:20:5-44
MERGED from [androidx.profileinstaller:profileinstaller:1.3.0] AndroidManifest.xml:21:5-44
MERGED from [androidx.profileinstaller:profileinstaller:1.3.0] AndroidManifest.xml:21:5-44
MERGED from [androidx.startup:startup-runtime:1.1.1] AndroidManifest.xml:21:5-23:41
MERGED from [androidx.startup:startup-runtime:1.1.1] AndroidManifest.xml:21:5-23:41
MERGED from [androidx.tracing:tracing:1.0.0] AndroidManifest.xml:20:5-22:41
MERGED from [androidx.tracing:tracing:1.0.0] AndroidManifest.xml:20:5-22:41
MERGED from [androidx.annotation:annotation-experimental:1.4.0] AndroidManifest.xml:5:5-44
MERGED from [androidx.annotation:annotation-experimental:1.4.0] AndroidManifest.xml:5:5-44
	android:targetSdkVersion
		INJECTED from Android_Qt_6_9_1_Clang_arm64_v8a-Debug/android-build-appDigitalTripBook/AndroidManifest.xml
	android:minSdkVersion
		INJECTED from Android_Qt_6_9_1_Clang_arm64_v8a-Debug/android-build-appDigitalTripBook/AndroidManifest.xml
permission#${applicationId}.DYNAMIC_RECEIVER_NOT_EXPORTED_PERMISSION
ADDED from [androidx.core:core:1.13.1] AndroidManifest.xml:22:5-24:47
	android:protectionLevel
		ADDED from [androidx.core:core:1.13.1] AndroidManifest.xml:24:9-44
	android:name
		ADDED from [androidx.core:core:1.13.1] AndroidManifest.xml:23:9-81
permission#org.qtproject.example.appDigitalTripBook.DYNAMIC_RECEIVER_NOT_EXPORTED_PERMISSION
ADDED from [androidx.core:core:1.13.1] AndroidManifest.xml:22:5-24:47
	android:protectionLevel
		ADDED from [androidx.core:core:1.13.1] AndroidManifest.xml:24:9-44
	android:name
		ADDED from [androidx.core:core:1.13.1] AndroidManifest.xml:23:9-81
uses-permission#${applicationId}.DYNAMIC_RECEIVER_NOT_EXPORTED_PERMISSION
ADDED from [androidx.core:core:1.13.1] AndroidManifest.xml:26:5-97
	android:name
		ADDED from [androidx.core:core:1.13.1] AndroidManifest.xml:26:22-94
uses-permission#org.qtproject.example.appDigitalTripBook.DYNAMIC_RECEIVER_NOT_EXPORTED_PERMISSION
ADDED from [androidx.core:core:1.13.1] AndroidManifest.xml:26:5-97
	android:name
		ADDED from [androidx.core:core:1.13.1] AndroidManifest.xml:26:22-94
provider#androidx.startup.InitializationProvider
ADDED from [androidx.profileinstaller:profileinstaller:1.3.0] AndroidManifest.xml:24:9-32:20
MERGED from [androidx.startup:startup-runtime:1.1.1] AndroidManifest.xml:26:9-30:34
MERGED from [androidx.startup:startup-runtime:1.1.1] AndroidManifest.xml:26:9-30:34
	tools:node
		ADDED from [androidx.profileinstaller:profileinstaller:1.3.0] AndroidManifest.xml:28:13-31
	android:authorities
		ADDED from [androidx.profileinstaller:profileinstaller:1.3.0] AndroidManifest.xml:26:13-68
	android:exported
		ADDED from [androidx.profileinstaller:profileinstaller:1.3.0] AndroidManifest.xml:27:13-37
	android:name
		ADDED from [androidx.profileinstaller:profileinstaller:1.3.0] AndroidManifest.xml:25:13-67
meta-data#androidx.profileinstaller.ProfileInstallerInitializer
ADDED from [androidx.profileinstaller:profileinstaller:1.3.0] AndroidManifest.xml:29:13-31:52
	android:value
		ADDED from [androidx.profileinstaller:profileinstaller:1.3.0] AndroidManifest.xml:31:17-49
	android:name
		ADDED from [androidx.profileinstaller:profileinstaller:1.3.0] AndroidManifest.xml:30:17-85
receiver#androidx.profileinstaller.ProfileInstallReceiver
ADDED from [androidx.profileinstaller:profileinstaller:1.3.0] AndroidManifest.xml:34:9-52:20
	android:enabled
		ADDED from [androidx.profileinstaller:profileinstaller:1.3.0] AndroidManifest.xml:37:13-35
	android:exported
		ADDED from [androidx.profileinstaller:profileinstaller:1.3.0] AndroidManifest.xml:38:13-36
	android:permission
		ADDED from [androidx.profileinstaller:profileinstaller:1.3.0] AndroidManifest.xml:39:13-57
	android:directBootAware
		ADDED from [androidx.profileinstaller:profileinstaller:1.3.0] AndroidManifest.xml:36:13-44
	android:name
		ADDED from [androidx.profileinstaller:profileinstaller:1.3.0] AndroidManifest.xml:35:13-76
intent-filter#action:name:androidx.profileinstaller.action.INSTALL_PROFILE
ADDED from [androidx.profileinstaller:profileinstaller:1.3.0] AndroidManifest.xml:40:13-42:29
action#androidx.profileinstaller.action.INSTALL_PROFILE
ADDED from [androidx.profileinstaller:profileinstaller:1.3.0] AndroidManifest.xml:41:17-91
	android:name
		ADDED from [androidx.profileinstaller:profileinstaller:1.3.0] AndroidManifest.xml:41:25-88
intent-filter#action:name:androidx.profileinstaller.action.SKIP_FILE
ADDED from [androidx.profileinstaller:profileinstaller:1.3.0] AndroidManifest.xml:43:13-45:29
action#androidx.profileinstaller.action.SKIP_FILE
ADDED from [androidx.profileinstaller:profileinstaller:1.3.0] AndroidManifest.xml:44:17-85
	android:name
		ADDED from [androidx.profileinstaller:profileinstaller:1.3.0] AndroidManifest.xml:44:25-82
intent-filter#action:name:androidx.profileinstaller.action.SAVE_PROFILE
ADDED from [androidx.profileinstaller:profileinstaller:1.3.0] AndroidManifest.xml:46:13-48:29
action#androidx.profileinstaller.action.SAVE_PROFILE
ADDED from [androidx.profileinstaller:profileinstaller:1.3.0] AndroidManifest.xml:47:17-88
	android:name
		ADDED from [androidx.profileinstaller:profileinstaller:1.3.0] AndroidManifest.xml:47:25-85
intent-filter#action:name:androidx.profileinstaller.action.BENCHMARK_OPERATION
ADDED from [androidx.profileinstaller:profileinstaller:1.3.0] AndroidManifest.xml:49:13-51:29
action#androidx.profileinstaller.action.BENCHMARK_OPERATION
ADDED from [androidx.profileinstaller:profileinstaller:1.3.0] AndroidManifest.xml:50:17-95
	android:name
		ADDED from [androidx.profileinstaller:profileinstaller:1.3.0] AndroidManifest.xml:50:25-92